<?xml version="1.0" encoding="UTF-8"?>
<testsuites>
  <testsuite name="Ebay Product Search" timestamp="2021-09-02T09:10:37" time="0.185" tests="4" failures="0" errors="0" skipped="0">
    <properties>
      <property name="specId" value="0"/>
      <property name="suiteName" value="Ebay Product Search"/>
      <property name="capabilities" value="msedge.92_0_902_55.windows"/>
      <property name="file" value=".\test\specs\search.js"/>
    </properties>
    <testcase classname="msedge.92_0_902_55.windows.Ebay_Product_Search" name="Should open the main URL and Verify the title" time="0.028">
      <system-out><![CDATA[
COMMAND: POST /session/1f73ff26cf1b7ab04759cdc7b72943fafde30eaf/window/maximize - {}
COMMAND: GET /session/1f73ff26cf1b7ab04759cdc7b72943fafde30eaf/title - {}
COMMAND: POST /session/1f73ff26cf1b7ab04759cdc7b72943fafde30eaf/url - {"url":"https://www.ebay.com/"}
]]></system-out>
    </testcase>
    <testcase classname="msedge.92_0_902_55.windows.Ebay_Product_Search" name="Should search for the product and Verify text value" time="0.049">
      <system-out><![CDATA[
COMMAND: POST /session/1f73ff26cf1b7ab04759cdc7b72943fafde30eaf/window/maximize - {}
COMMAND: POST /session/1f73ff26cf1b7ab04759cdc7b72943fafde30eaf/element - {"using":"css selector","value":"#gh-ac"}
COMMAND: POST /session/1f73ff26cf1b7ab04759cdc7b72943fafde30eaf/element - {"using":"css selector","value":"#gh-btn"}
COMMAND: POST /session/1f73ff26cf1b7ab04759cdc7b72943fafde30eaf/element - {"using":"css selector","value":"#gh-ac"}
]]></system-out>
    </testcase>
    <testcase classname="msedge.92_0_902_55.windows.Ebay_Product_Search" name="Should redirect to a new page and verify the title" time="0.008">
      <system-out><![CDATA[
COMMAND: POST /session/1f73ff26cf1b7ab04759cdc7b72943fafde30eaf/window/maximize - {}
COMMAND: GET /session/1f73ff26cf1b7ab04759cdc7b72943fafde30eaf/title - {}
]]></system-out>
    </testcase>
    <testcase classname="msedge.92_0_902_55.windows.Ebay_Product_Search" name="should update the search category" time="0.02">
      <system-out><![CDATA[
COMMAND: POST /session/1f73ff26cf1b7ab04759cdc7b72943fafde30eaf/window/maximize - {}
COMMAND: POST /session/1f73ff26cf1b7ab04759cdc7b72943fafde30eaf/element - {"using":"css selector","value":"#gh-cat option:nth-child(1)"}
COMMAND: POST /session/1f73ff26cf1b7ab04759cdc7b72943fafde30eaf/element - {"using":"css selector","value":"#gh-cat option:nth-child(1)"}
RESULT: {}
COMMAND: GET /session/1f73ff26cf1b7ab04759cdc7b72943fafde30eaf/title - {}
COMMAND: DELETE /session/1f73ff26cf1b7ab04759cdc7b72943fafde30eaf - {}
RESULT: {}
]]></system-out>
    </testcase>
  </testsuite>
</testsuites>