<?xml version="1.0" encoding="UTF-8"?>
<testsuites>
  <testsuite name="Ebay Product Search" timestamp="2021-09-01T16:05:36" time="0.348" tests="4" failures="0" errors="0" skipped="0">
    <properties>
      <property name="specId" value="0"/>
      <property name="suiteName" value="Ebay Product Search"/>
      <property name="capabilities" value="firefox.88_0_1.windows"/>
      <property name="file" value=".\test\specs\search.js"/>
    </properties>
    <testcase classname="firefox.88_0_1.windows.Ebay_Product_Search" name="Should open the main URL and Verify the title" time="0.07">
      <system-out><![CDATA[
COMMAND: POST /session/dd43275f-c907-48aa-b27e-8af67006f294/window/maximize - {}
COMMAND: GET /session/dd43275f-c907-48aa-b27e-8af67006f294/title - {}
COMMAND: POST /session/dd43275f-c907-48aa-b27e-8af67006f294/url - {"url":"https://www.ebay.com/"}
]]></system-out>
    </testcase>
    <testcase classname="firefox.88_0_1.windows.Ebay_Product_Search" name="Should search for the product and Verify text value" time="0.13">
      <system-out><![CDATA[
COMMAND: POST /session/dd43275f-c907-48aa-b27e-8af67006f294/window/maximize - {}
COMMAND: POST /session/dd43275f-c907-48aa-b27e-8af67006f294/element - {"using":"css selector","value":"#gh-ac"}
COMMAND: POST /session/dd43275f-c907-48aa-b27e-8af67006f294/element - {"using":"css selector","value":"#gh-btn"}
COMMAND: POST /session/dd43275f-c907-48aa-b27e-8af67006f294/element - {"using":"css selector","value":"#gh-ac"}
RESULT: {}
RESULT: {}
]]></system-out>
    </testcase>
    <testcase classname="firefox.88_0_1.windows.Ebay_Product_Search" name="Should redirect to a new page and verify the title" time="0.03">
      <system-out><![CDATA[
COMMAND: POST /session/dd43275f-c907-48aa-b27e-8af67006f294/window/maximize - {}
COMMAND: GET /session/dd43275f-c907-48aa-b27e-8af67006f294/title - {}
]]></system-out>
    </testcase>
    <testcase classname="firefox.88_0_1.windows.Ebay_Product_Search" name="should update the search category" time="0.046">
      <system-out><![CDATA[
COMMAND: POST /session/dd43275f-c907-48aa-b27e-8af67006f294/window/maximize - {}
COMMAND: POST /session/dd43275f-c907-48aa-b27e-8af67006f294/element - {"using":"css selector","value":"#gh-cat option:nth-child(1)"}
COMMAND: POST /session/dd43275f-c907-48aa-b27e-8af67006f294/element - {"using":"css selector","value":"#gh-cat option:nth-child(1)"}
COMMAND: DELETE /session/dd43275f-c907-48aa-b27e-8af67006f294 - {}
COMMAND: GET /session/dd43275f-c907-48aa-b27e-8af67006f294/title - {}
RESULT: {"url":"https://www.ebay.com/"}
RESULT: {}
RESULT: {"using":"css selector","value":"#gh-ac"}
COMMAND: POST /session/dd43275f-c907-48aa-b27e-8af67006f294/element/21bc5521-1b71-4e92-b543-e6e003459711/value - {"text":"Laptop"}
RESULT: {"using":"css selector","value":"#gh-btn"}
COMMAND: POST /session/dd43275f-c907-48aa-b27e-8af67006f294/element/42559340-b0c1-44df-92c7-46a5178d096a/click - {}
RESULT: {}
RESULT: {"using":"css selector","value":"#gh-ac"}
COMMAND: GET /session/dd43275f-c907-48aa-b27e-8af67006f294/element/21bc5521-1b71-4e92-b543-e6e003459711/property/value - {}
RESULT: {}
COMMAND: GET /session/dd43275f-c907-48aa-b27e-8af67006f294/title - {}
RESULT: {"text":"Laptop"}
RESULT: {}
RESULT: {}
COMMAND: POST /session/dd43275f-c907-48aa-b27e-8af67006f294/element - {"using":"css selector","value":"#gh-ac"}
RESULT: {}
RESULT: {"using":"css selector","value":"#gh-cat option:nth-child(1)"}
COMMAND: GET /session/dd43275f-c907-48aa-b27e-8af67006f294/element/b9229bd4-248a-472a-a815-21b990266522/text - {}
RESULT: {"using":"css selector","value":"#gh-cat option:nth-child(1)"}
COMMAND: GET /session/dd43275f-c907-48aa-b27e-8af67006f294/element/b9229bd4-248a-472a-a815-21b990266522/text - {}
COMMAND: GET /session/dd43275f-c907-48aa-b27e-8af67006f294/element/b9229bd4-248a-472a-a815-21b990266522/text - {}
COMMAND: GET /session/dd43275f-c907-48aa-b27e-8af67006f294/element/b9229bd4-248a-472a-a815-21b990266522/text - {}
COMMAND: GET /session/dd43275f-c907-48aa-b27e-8af67006f294/element/b9229bd4-248a-472a-a815-21b990266522/text - {}
COMMAND: GET /session/dd43275f-c907-48aa-b27e-8af67006f294/element/b9229bd4-248a-472a-a815-21b990266522/text - {}
COMMAND: GET /session/dd43275f-c907-48aa-b27e-8af67006f294/element/b9229bd4-248a-472a-a815-21b990266522/text - {}
RESULT: {}
]]></system-out>
    </testcase>
  </testsuite>
</testsuites>